#
# There is insufficient memory for the Java Runtime Environment to continue.
# Native memory allocation (malloc) failed to allocate 218096 bytes for Chunk::new
# Possible reasons:
#   The system is out of physical RAM or swap space
#   The process is running with CompressedOops enabled, and the Java Heap may be blocking the growth of the native heap
# Possible solutions:
#   Reduce memory load on the system
#   Increase physical memory or swap space
#   Check if swap backing store is full
#   Decrease Java heap size (-Xmx/-Xms)
#   Decrease number of Java threads
#   Decrease Java thread stack sizes (-Xss)
#   Set larger code cache with -XX:ReservedCodeCacheSize=
#   JVM is running with Unscaled Compressed Oops mode in which the Java heap is
#     placed in the first 4GB address space. The Java Heap base address is the
#     maximum limit for the native heap growth. Please use -XX:HeapBaseMinAddress
#     to set the Java Heap base and to place the Java Heap above 4GB virtual address.
# This output file may be truncated or incomplete.
#
#  Out of Memory Error (t:/workspace/open/src/hotspot/share/memory/arena.cpp:198), pid=27920, tid=32852
#
# JRE version: Java(TM) SE Runtime Environment (10.0.1+10) (build 10.0.1+10)
# Java VM: Java HotSpot(TM) 64-Bit Server VM (10.0.1+10, mixed mode, tiered, compressed oops, g1 gc, windows-amd64)
# No core dump will be written. Minidumps are not enabled by default on client versions of Windows
#

---------------  S U M M A R Y ------------

Command Line: -Dfile.encoding=UTF-8 --module-path=E:\rishav personal\SwipePage\build\classes swipepage.SwipeIn_Emp

Host: Intel(R) Core(TM) i5-7200U CPU @ 2.50GHz, 4 cores, 7G,  Windows 10 , 64 bit Build 19041 (10.0.19041.1202)
Time: Tue Oct 19 23:04:34 2021 India Standard Time elapsed time: 0 seconds (0d 0h 0m 0s)

---------------  T H R E A D  ---------------

Current thread (0x000001f02b195000):  JavaThread "C2 CompilerThread0" daemon [_thread_in_native, id=32852, stack(0x000000294c200000,0x000000294c300000)]


Current CompileTask:
C2:    176  186       4       java.util.HashMap::putVal (300 bytes)

Stack: [0x000000294c200000,0x000000294c300000]
Native frames: (J=compiled Java code, j=interpreted, Vv=VM code, C=native code)
V  [jvm.dll+0x5a0369]
V  [jvm.dll+0x6bcf81]
V  [jvm.dll+0x6be176]
V  [jvm.dll+0x6be803]
V  [jvm.dll+0x234998]
V  [jvm.dll+0xbb92c]
V  [jvm.dll+0xbbe2c]
V  [jvm.dll+0x34bd41]
V  [jvm.dll+0x310efa]
V  [jvm.dll+0x31048a]
V  [jvm.dll+0x1ffde1]
V  [jvm.dll+0x1ff066]
V  [jvm.dll+0x17ca6b]
V  [jvm.dll+0x20c81d]
V  [jvm.dll+0x20b5e6]
V  [jvm.dll+0x68bb6f]
V  [jvm.dll+0x59f680]
C  [msvcr120.dll+0x24f7f]
C  [msvcr120.dll+0x25126]
C  [KERNEL32.DLL+0x17034]
C  [ntdll.dll+0x52651]


---------------  P R O C E S S  ---------------

Threads class SMR info:
_java_thread_list=0x000001f02b485d50, length=11, elements={
0x000001f008c8f800, 0x000001f02a81b800, 0x000001f02a825000, 0x000001f02a873800,
0x000001f02b194800, 0x000001f02b195000, 0x000001f02b1a0800, 0x000001f02a87a000,
0x000001f02a87c800, 0x000001f02b33b800, 0x000001f02b5eb800
}

Java Threads: ( => current thread )
  0x000001f008c8f800 JavaThread "main" [_thread_blocked, id=31964, stack(0x000000294b100000,0x000000294b200000)]
  0x000001f02a81b800 JavaThread "Reference Handler" daemon [_thread_blocked, id=4776, stack(0x000000294be00000,0x000000294bf00000)]
  0x000001f02a825000 JavaThread "Finalizer" daemon [_thread_blocked, id=11124, stack(0x000000294bf00000,0x000000294c000000)]
  0x000001f02a873800 JavaThread "Signal Dispatcher" daemon [_thread_blocked, id=32828, stack(0x000000294c000000,0x000000294c100000)]
  0x000001f02b194800 JavaThread "Attach Listener" daemon [_thread_blocked, id=16272, stack(0x000000294c100000,0x000000294c200000)]
=>0x000001f02b195000 JavaThread "C2 CompilerThread0" daemon [_thread_in_native, id=32852, stack(0x000000294c200000,0x000000294c300000)]
  0x000001f02b1a0800 JavaThread "C2 CompilerThread1" daemon [_thread_in_native, id=32040, stack(0x000000294c300000,0x000000294c400000)]
  0x000001f02a87a000 JavaThread "C1 CompilerThread2" daemon [_thread_blocked, id=31772, stack(0x000000294c400000,0x000000294c500000)]
  0x000001f02a87c800 JavaThread "Sweeper thread" daemon [_thread_blocked, id=31932, stack(0x000000294c500000,0x000000294c600000)]
  0x000001f02b33b800 JavaThread "Common-Cleaner" daemon [_thread_blocked, id=32440, stack(0x000000294c600000,0x000000294c700000)]
  0x000001f02b5eb800 JavaThread "Service Thread" daemon [_thread_blocked, id=31860, stack(0x000000294c700000,0x000000294c800000)]

Other Threads:
  0x000001f02a815000 VMThread "VM Thread" [stack: 0x000000294bd00000,0x000000294be00000] [id=30568]
  0x000001f008ca3800 GCTaskThread "GC Thread#0" [stack: 0x000000294b200000,0x000000294b300000] [id=32744]
  0x000001f008ca7000 GCTaskThread "GC Thread#1" [stack: 0x000000294b300000,0x000000294b400000] [id=32364]
  0x000001f008ca9800 GCTaskThread "GC Thread#2" [stack: 0x000000294b400000,0x000000294b500000] [id=26768]
  0x000001f008cac000 GCTaskThread "GC Thread#3" [stack: 0x000000294b500000,0x000000294b600000] [id=32536]
  0x000001f008d1a800 ConcurrentGCThread "G1 Main Marker" [stack: 0x000000294b600000,0x000000294b700000] [id=28392]
  0x000001f008d1d800 ConcurrentGCThread "G1 Conc#0" [stack: 0x000000294b700000,0x000000294b800000] [id=17336]
  0x000001f008d7e800 ConcurrentGCThread "G1 Refine#0" [stack: 0x000000294b800000,0x000000294b900000] [id=31436]
  0x000001f02a6a2800 ConcurrentGCThread "G1 Refine#1" [stack: 0x000000294b900000,0x000000294ba00000] [id=11528]
  0x000001f02a6a3800 ConcurrentGCThread "G1 Refine#2" [stack: 0x000000294ba00000,0x000000294bb00000] [id=8544]
  0x000001f02a6a8000 ConcurrentGCThread "G1 Refine#3" [stack: 0x000000294bb00000,0x000000294bc00000] [id=27016]
  0x000001f02a6ad000 ConcurrentGCThread "G1 Young RemSet Sampling" [stack: 0x000000294bc00000,0x000000294bd00000] [id=33372]

Threads with active compile tasks:
C2 CompilerThread0 186       4       java.util.HashMap::putVal (300 bytes)
C2 CompilerThread1 191       4       java.util.HashMap::putIfAbsent (13 bytes)

VM state:at safepoint (normal execution)

VM Mutex/Monitor currently owned by a thread:  ([mutex/lock_event])
[0x000001f008c8d720] Threads_lock - owner thread: 0x000001f02a815000
[0x000001f008c8e5c0] Heap_lock - owner thread: 0x000001f008c8f800

Heap address: 0x0000000081800000, size: 2024 MB, Compressed Oops mode: 32-bit
Narrow klass base: 0x0000000000000000, Narrow klass shift: 3
Compressed class space size: 1073741824 Address: 0x0000000100000000

Heap:
 garbage-first heap   total 131072K, used 2336K [0x0000000081800000, 0x0000000100000000)
  region size 1024K, 4 young (4096K), 1 survivors (1024K)
 Metaspace       used 5565K, capacity 5583K, committed 5632K, reserved 1062912K
  class space    used 468K, capacity 480K, committed 512K, reserved 1048576K
Heap Regions: E=young(eden), S=young(survivor), O=old, HS=humongous(starts), HC=humongous(continues), CS=collection set, F=free, A=archive, TS=gc time stamp, AC=allocation context, TAMS=top-at-mark-start (previous, next)
|   0|0x0000000081800000, 0x0000000081800000, 0x0000000081900000|  0%| F|  |TS  0|AC  0|TAMS 0x0000000081800000, 0x0000000081800000|
|   1|0x0000000081900000, 0x0000000081900000, 0x0000000081a00000|  0%| F|  |TS  0|AC  0|TAMS 0x0000000081900000, 0x0000000081900000|
|   2|0x0000000081a00000, 0x0000000081a00000, 0x0000000081b00000|  0%| F|  |TS  0|AC  0|TAMS 0x0000000081a00000, 0x0000000081a00000|
|   3|0x0000000081b00000, 0x0000000081b00000, 0x0000000081c00000|  0%| F|  |TS  0|AC  0|TAMS 0x0000000081b00000, 0x0000000081b00000|
|   4|0x0000000081c00000, 0x0000000081c00000, 0x0000000081d00000|  0%| F|  |TS  0|AC  0|TAMS 0x0000000081c00000, 0x0000000081c00000|
|   5|0x0000000081d00000, 0x0000000081d00000, 0x0000000081e00000|  0%| F|  |TS  0|AC  0|TAMS 0x0000000081d00000, 0x0000000081d00000|
|   6|0x0000000081e00000, 0x0000000081e00000, 0x0000000081f00000|  0%| F|  |TS  0|AC  0|TAMS 0x0000000081e00000, 0x0000000081e00000|
|   7|0x0000000081f00000, 0x0000000081f00000, 0x0000000082000000|  0%| F|  |TS  0|AC  0|TAMS 0x0000000081f00000, 0x0000000081f00000|
|   8|0x0000000082000000, 0x0000000082000000, 0x0000000082100000|  0%| F|  |TS  0|AC  0|TAMS 0x0000000082000000, 0x0000000082000000|
|   9|0x0000000082100000, 0x0000000082100000, 0x0000000082200000|  0%| F|  |TS  0|AC  0|TAMS 0x0000000082100000, 0x0000000082100000|
|  10|0x0000000082200000, 0x0000000082200000, 0x0000000082300000|  0%| F|  |TS  0|AC  0|TAMS 0x0000000082200000, 0x0000000082200000|
|  11|0x0000000082300000, 0x0000000082300000, 0x0000000082400000|  0%| F|  |TS  0|AC  0|TAMS 0x0000000082300000, 0x0000000082300000|
|  12|0x0000000082400000, 0x0000000082400000, 0x0000000082500000|  0%| F|  |TS  0|AC  0|TAMS 0x0000000082400000, 0x0000000082400000|
|  13|0x0000000082500000, 0x0000000082500000, 0x0000000082600000|  0%| F|  |TS  0|AC  0|TAMS 0x0000000082500000, 0x0000000082500000|
|  14|0x0000000082600000, 0x0000000082600000, 0x0000000082700000|  0%| F|  |TS  0|AC  0|TAMS 0x0000000082600000, 0x0000000082600000|
|  15|0x0000000082700000, 0x0000000082700000, 0x0000000082800000|  0%| F|  |TS  0|AC  0|TAMS 0x0000000082700000, 0x0000000082700000|
|  16|0x0000000082800000, 0x0000000082800000, 0x0000000082900000|  0%| F|  |TS  0|AC  0|TAMS 0x0000000082800000, 0x0000000082800000|
|  17|0x0000000082900000, 0x0000000082900000, 0x0000000082a00000|  0%| F|  |TS  0|AC  0|TAMS 0x0000000082900000, 0x0000000082900000|
|  18|0x0000000082a00000, 0x0000000082a00000, 0x0000000082b00000|  0%| F|  |TS  0|AC  0|TAMS 0x0000000082a00000, 0x0000000082a00000|
|  19|0x0000000082b00000, 0x0000000082b00000, 0x0000000082c00000|  0%| F|  |TS  0|AC  0|TAMS 0x0000000082b00000, 0x0000000082b00000|
|  20|0x0000000082c00000, 0x0000000082c00000, 0x0000000082d00000|  0%| F|  |TS  0|AC  0|TAMS 0x0000000082c00000, 0x0000000082c00000|
|  21|0x0000000082d00000, 0x0000000082d00000, 0x0000000082e00000|  0%| F|  |TS  0|AC  0|TAMS 0x0000000082d00000, 0x0000000082d00000|
|  22|0x0000000082e00000, 0x0000000082e00000, 0x0000000082f00000|  0%| F|  |TS  0|AC  0|TAMS 0x0000000082e00000, 0x0000000082e00000|
|  23|0x0000000082f00000, 0x0000000082f00000, 0x0000000083000000|  0%| F|  |TS  0|AC  0|TAMS 0x0000000082f00000, 0x0000000082f00000|
|  24|0x0000000083000000, 0x0000000083000000, 0x0000000083100000|  0%| F|  |TS  0|AC  0|TAMS 0x0000000083000000, 0x0000000083000000|
|  25|0x0000000083100000, 0x0000000083100000, 0x0000000083200000|  0%| F|  |TS  0|AC  0|TAMS 0x0000000083100000, 0x0000000083100000|
|  26|0x0000000083200000, 0x0000000083200000, 0x0000000083300000|  0%| F|  |TS  0|AC  0|TAMS 0x0000000083200000, 0x0000000083200000|
|  27|0x0000000083300000, 0x0000000083300000, 0x0000000083400000|  0%| F|  |TS  0|AC  0|TAMS 0x0000000083300000, 0x0000000083300000|
|  28|0x0000000083400000, 0x0000000083400000, 0x0000000083500000|  0%| F|  |TS  0|AC  0|TAMS 0x0000000083400000, 0x0000000083400000|
|  29|0x0000000083500000, 0x0000000083500000, 0x0000000083600000|  0%| F|  |TS  0|AC  0|TAMS 0x0000000083500000, 0x0000000083500000|
|  30|0x0000000083600000, 0x0000000083600000, 0x0000000083700000|  0%| F|  |TS  0|AC  0|TAMS 0x0000000083600000, 0x0000000083600000|
|  31|0x0000000083700000, 0x0000000083700000, 0x0000000083800000|  0%| F|  |TS  0|AC  0|TAMS 0x0000000083700000, 0x0000000083700000|
|  32|0x0000000083800000, 0x0000000083800000, 0x0000000083900000|  0%| F|  |TS  0|AC  0|TAMS 0x0000000083800000, 0x0000000083800000|
|  33|0x0000000083900000, 0x0000000083900000, 0x0000000083a00000|  0%| F|  |TS  0|AC  0|TAMS 0x0000000083900000, 0x0000000083900000|
|  34|0x0000000083a00000, 0x0000000083a00000, 0x0000000083b00000|  0%| F|  |TS  0|AC  0|TAMS 0x0000000083a00000, 0x0000000083a00000|
|  35|0x0000000083b00000, 0x0000000083b00000, 0x0000000083c00000|  0%| F|  |TS  0|AC  0|TAMS 0x0000000083b00000, 0x0000000083b00000|
|  36|0x0000000083c00000, 0x0000000083c00000, 0x0000000083d00000|  0%| F|  |TS  0|AC  0|TAMS 0x0000000083c00000, 0x0000000083c00000|
|  37|0x0000000083d00000, 0x0000000083d00000, 0x0000000083e00000|  0%| F|  |TS  0|AC  0|TAMS 0x0000000083d00000, 0x0000000083d00000|
|  38|0x0000000083e00000, 0x0000000083e00000, 0x0000000083f00000|  0%| F|  |TS  0|AC  0|TAMS 0x0000000083e00000, 0x0000000083e00000|
|  39|0x0000000083f00000, 0x0000000083f00000, 0x0000000084000000|  0%| F|  |TS  0|AC  0|TAMS 0x0000000083f00000, 0x0000000083f00000|
|  40|0x0000000084000000, 0x0000000084000000, 0x0000000084100000|  0%| F|  |TS  0|AC  0|TAMS 0x0000000084000000, 0x0000000084000000|
|  41|0x0000000084100000, 0x0000000084100000, 0x0000000084200000|  0%| F|  |TS  0|AC  0|TAMS 0x0000000084100000, 0x0000000084100000|
|  42|0x0000000084200000, 0x0000000084200000, 0x0000000084300000|  0%| F|  |TS  0|AC  0|TAMS 0x0000000084200000, 0x0000000084200000|
|  43|0x0000000084300000, 0x0000000084300000, 0x0000000084400000|  0%| F|  |TS  0|AC  0|TAMS 0x0000000084300000, 0x0000000084300000|
|  44|0x0000000084400000, 0x0000000084400000, 0x0000000084500000|  0%| F|  |TS  0|AC  0|TAMS 0x0000000084400000, 0x0000000084400000|
|  45|0x0000000084500000, 0x0000000084500000, 0x0000000084600000|  0%| F|  |TS  0|AC  0|TAMS 0x0000000084500000, 0x0000000084500000|
|  46|0x0000000084600000, 0x0000000084600000, 0x0000000084700000|  0%| F|  |TS  0|AC  0|TAMS 0x0000000084600000, 0x0000000084600000|
|  47|0x0000000084700000, 0x0000000084700000, 0x0000000084800000|  0%| F|  |TS  0|AC  0|TAMS 0x0000000084700000, 0x0000000084700000|
|  48|0x0000000084800000, 0x0000000084800000, 0x0000000084900000|  0%| F|  |TS  0|AC  0|TAMS 0x0000000084800000, 0x0000000084800000|
|  49|0x0000000084900000, 0x0000000084900000, 0x0000000084a00000|  0%| F|  |TS  0|AC  0|TAMS 0x0000000084900000, 0x0000000084900000|
|  50|0x0000000084a00000, 0x0000000084a00000, 0x0000000084b00000|  0%| F|  |TS  0|AC  0|TAMS 0x0000000084a00000, 0x0000000084a00000|
|  51|0x0000000084b00000, 0x0000000084b00000, 0x0000000084c00000|  0%| F|  |TS  0|AC  0|TAMS 0x0000000084b00000, 0x0000000084b00000|
|  52|0x0000000084c00000, 0x0000000084c00000, 0x0000000084d00000|  0%| F|  |TS  0|AC  0|TAMS 0x0000000084c00000, 0x0000000084c00000|
|  53|0x0000000084d00000, 0x0000000084d00000, 0x0000000084e00000|  0%| F|  |TS  0|AC  0|TAMS 0x0000000084d00000, 0x0000000084d00000|
|  54|0x0000000084e00000, 0x0000000084e00000, 0x0000000084f00000|  0%| F|  |TS  0|AC  0|TAMS 0x0000000084e00000, 0x0000000084e00000|
|  55|0x0000000084f00000, 0x0000000084f00000, 0x0000000085000000|  0%| F|  |TS  0|AC  0|TAMS 0x0000000084f00000, 0x0000000084f00000|
|  56|0x0000000085000000, 0x0000000085000000, 0x0000000085100000|  0%| F|  |TS  0|AC  0|TAMS 0x0000000085000000, 0x0000000085000000|
|  57|0x0000000085100000, 0x0000000085100000, 0x0000000085200000|  0%| F|  |TS  0|AC  0|TAMS 0x0000000085100000, 0x0000000085100000|
|  58|0x0000000085200000, 0x0000000085200000, 0x0000000085300000|  0%| F|  |TS  0|AC  0|TAMS 0x0000000085200000, 0x0000000085200000|
|  59|0x0000000085300000, 0x0000000085300000, 0x0000000085400000|  0%| F|  |TS  0|AC  0|TAMS 0x0000000085300000, 0x0000000085300000|
|  60|0x0000000085400000, 0x0000000085400000, 0x0000000085500000|  0%| F|  |TS  0|AC  0|TAMS 0x0000000085400000, 0x0000000085400000|
|  61|0x0000000085500000, 0x0000000085500000, 0x0000000085600000|  0%| F|  |TS  0|AC  0|TAMS 0x0000000085500000, 0x0000000085500000|
|  62|0x0000000085600000, 0x0000000085600000, 0x0000000085700000|  0%| F|  |TS  0|AC  0|TAMS 0x0000000085600000, 0x0000000085600000|
|  63|0x0000000085700000, 0x0000000085700000, 0x0000000085800000|  0%| F|  |TS  0|AC  0|TAMS 0x0000000085700000, 0x0000000085700000|
|  64|0x0000000085800000, 0x0000000085800000, 0x0000000085900000|  0%| F|  |TS  0|AC  0|TAMS 0x0000000085800000, 0x0000000085800000|
|  65|0x0000000085900000, 0x0000000085900000, 0x0000000085a00000|  0%| F|  |TS  0|AC  0|TAMS 0x0000000085900000, 0x0000000085900000|
|  66|0x0000000085a00000, 0x0000000085a00000, 0x0000000085b00000|  0%| F|  |TS  0|AC  0|TAMS 0x0000000085a00000, 0x0000000085a00000|
|  67|0x0000000085b00000, 0x0000000085b00000, 0x0000000085c00000|  0%| F|  |TS  0|AC  0|TAMS 0x0000000085b00000, 0x0000000085b00000|
|  68|0x0000000085c00000, 0x0000000085c00000, 0x0000000085d00000|  0%| F|  |TS  0|AC  0|TAMS 0x0000000085c00000, 0x0000000085c00000|
|  69|0x0000000085d00000, 0x0000000085d00000, 0x0000000085e00000|  0%| F|  |TS  0|AC  0|TAMS 0x0000000085d00000, 0x0000000085d00000|
|  70|0x0000000085e00000, 0x0000000085e00000, 0x0000000085f00000|  0%| F|  |TS  0|AC  0|TAMS 0x0000000085e00000, 0x0000000085e00000|
|  71|0x0000000085f00000, 0x0000000085f00000, 0x0000000086000000|  0%| F|  |TS  0|AC  0|TAMS 0x0000000085f00000, 0x0000000085f00000|
|  72|0x0000000086000000, 0x0000000086000000, 0x0000000086100000|  0%| F|  |TS  0|AC  0|TAMS 0x0000000086000000, 0x0000000086000000|
|  73|0x0000000086100000, 0x0000000086100000, 0x0000000086200000|  0%| F|  |TS  0|AC  0|TAMS 0x0000000086100000, 0x0000000086100000|
|  74|0x0000000086200000, 0x0000000086200000, 0x0000000086300000|  0%| F|  |TS  0|AC  0|TAMS 0x0000000086200000, 0x0000000086200000|
|  75|0x0000000086300000, 0x0000000086300000, 0x0000000086400000|  0%| F|  |TS  0|AC  0|TAMS 0x0000000086300000, 0x0000000086300000|
|  76|0x0000000086400000, 0x0000000086400000, 0x0000000086500000|  0%| F|  |TS  0|AC  0|TAMS 0x0000000086400000, 0x0000000086400000|
|  77|0x0000000086500000, 0x0000000086500000, 0x0000000086600000|  0%| F|  |TS  0|AC  0|TAMS 0x0000000086500000, 0x0000000086500000|
|  78|0x0000000086600000, 0x0000000086600000, 0x0000000086700000|  0%| F|  |TS  0|AC  0|TAMS 0x0000000086600000, 0x0000000086600000|
|  79|0x0000000086700000, 0x0000000086700000, 0x0000000086800000|  0%| F|  |TS  0|AC  0|TAMS 0x0000000086700000, 0x0000000086700000|
|  80|0x0000000086800000, 0x0000000086800000, 0x0000000086900000|  0%| F|  |TS  0|AC  0|TAMS 0x0000000086800000, 0x0000000086800000|
|  81|0x0000000086900000, 0x0000000086900000, 0x0000000086a00000|  0%| F|  |TS  0|AC  0|TAMS 0x0000000086900000, 0x0000000086900000|
|  82|0x0000000086a00000, 0x0000000086a00000, 0x0000000086b00000|  0%| F|  |TS  0|AC  0|TAMS 0x0000000086a00000, 0x0000000086a00000|
|  83|0x0000000086b00000, 0x0000000086b00000, 0x0000000086c00000|  0%| F|  |TS  0|AC  0|TAMS 0x0000000086b00000, 0x0000000086b00000|
|  84|0x0000000086c00000, 0x0000000086c00000, 0x0000000086d00000|  0%| F|  |TS  0|AC  0|TAMS 0x0000000086c00000, 0x0000000086c00000|
|  85|0x0000000086d00000, 0x0000000086d00000, 0x0000000086e00000|  0%| F|  |TS  0|AC  0|TAMS 0x0000000086d00000, 0x0000000086d00000|
|  86|0x0000000086e00000, 0x0000000086e00000, 0x0000000086f00000|  0%| F|  |TS  0|AC  0|TAMS 0x0000000086e00000, 0x0000000086e00000|
|  87|0x0000000086f00000, 0x0000000086f00000, 0x0000000087000000|  0%| F|  |TS  0|AC  0|TAMS 0x0000000086f00000, 0x0000000086f00000|
|  88|0x0000000087000000, 0x0000000087000000, 0x0000000087100000|  0%| F|  |TS  0|AC  0|TAMS 0x0000000087000000, 0x0000000087000000|
|  89|0x0000000087100000, 0x0000000087100000, 0x0000000087200000|  0%| F|  |TS  0|AC  0|TAMS 0x0000000087100000, 0x0000000087100000|
|  90|0x0000000087200000, 0x0000000087200000, 0x0000000087300000|  0%| F|  |TS  0|AC  0|TAMS 0x0000000087200000, 0x0000000087200000|
|  91|0x0000000087300000, 0x0000000087300000, 0x0000000087400000|  0%| F|  |TS  0|AC  0|TAMS 0x0000000087300000, 0x0000000087300000|
|  92|0x0000000087400000, 0x0000000087400000, 0x0000000087500000|  0%| F|  |TS  0|AC  0|TAMS 0x0000000087400000, 0x0000000087400000|
|  93|0x0000000087500000, 0x0000000087500000, 0x0000000087600000|  0%| F|  |TS  0|AC  0|TAMS 0x0000000087500000, 0x0000000087500000|
|  94|0x0000000087600000, 0x0000000087600000, 0x0000000087700000|  0%| F|  |TS  0|AC  0|TAMS 0x0000000087600000, 0x0000000087600000|
|  95|0x0000000087700000, 0x0000000087700000, 0x0000000087800000|  0%| F|  |TS  0|AC  0|TAMS 0x0000000087700000, 0x0000000087700000|
|  96|0x0000000087800000, 0x0000000087800000, 0x0000000087900000|  0%| F|  |TS  0|AC  0|TAMS 0x0000000087800000, 0x0000000087800000|
|  97|0x0000000087900000, 0x0000000087900000, 0x0000000087a00000|  0%| F|  |TS  0|AC  0|TAMS 0x0000000087900000, 0x0000000087900000|
|  98|0x0000000087a00000, 0x0000000087a00000, 0x0000000087b00000|  0%| F|  |TS  0|AC  0|TAMS 0x0000000087a00000, 0x0000000087a00000|
|  99|0x0000000087b00000, 0x0000000087b00000, 0x0000000087c00000|  0%| F|  |TS  0|AC  0|TAMS 0x0000000087b00000, 0x0000000087b00000|
| 100|0x0000000087c00000, 0x0000000087c00000, 0x0000000087d00000|  0%| F|  |TS  0|AC  0|TAMS 0x0000000087c00000, 0x0000000087c00000|
| 101|0x0000000087d00000, 0x0000000087d00000, 0x0000000087e00000|  0%| F|  |TS  0|AC  0|TAMS 0x0000000087d00000, 0x0000000087d00000|
| 102|0x0000000087e00000, 0x0000000087e00000, 0x0000000087f00000|  0%| F|  |TS  0|AC  0|TAMS 0x0000000087e00000, 0x0000000087e00000|
| 103|0x0000000087f00000, 0x0000000087f00000, 0x0000000088000000|  0%| F|  |TS  0|AC  0|TAMS 0x0000000087f00000, 0x0000000087f00000|
| 104|0x0000000088000000, 0x0000000088000000, 0x0000000088100000|  0%| F|  |TS  0|AC  0|TAMS 0x0000000088000000, 0x0000000088000000|
| 105|0x0000000088100000, 0x0000000088100000, 0x0000000088200000|  0%| F|  |TS  0|AC  0|TAMS 0x0000000088100000, 0x0000000088100000|
| 106|0x0000000088200000, 0x0000000088200000, 0x0000000088300000|  0%| F|  |TS  0|AC  0|TAMS 0x0000000088200000, 0x0000000088200000|
| 107|0x0000000088300000, 0x0000000088300000, 0x0000000088400000|  0%| F|  |TS  0|AC  0|TAMS 0x0000000088300000, 0x0000000088300000|
| 108|0x0000000088400000, 0x0000000088400000, 0x0000000088500000|  0%| F|  |TS  0|AC  0|TAMS 0x0000000088400000, 0x0000000088400000|
| 109|0x0000000088500000, 0x0000000088500000, 0x0000000088600000|  0%| F|  |TS  0|AC  0|TAMS 0x0000000088500000, 0x0000000088500000|
| 110|0x0000000088600000, 0x0000000088600000, 0x0000000088700000|  0%| F|  |TS  0|AC  0|TAMS 0x0000000088600000, 0x0000000088600000|
| 111|0x0000000088700000, 0x0000000088700000, 0x0000000088800000|  0%| F|  |TS  0|AC  0|TAMS 0x0000000088700000, 0x0000000088700000|
| 112|0x0000000088800000, 0x0000000088800000, 0x0000000088900000|  0%| F|  |TS  0|AC  0|TAMS 0x0000000088800000, 0x0000000088800000|
| 113|0x0000000088900000, 0x0000000088900000, 0x0000000088a00000|  0%| F|  |TS  0|AC  0|TAMS 0x0000000088900000, 0x0000000088900000|
| 114|0x0000000088a00000, 0x0000000088a00000, 0x0000000088b00000|  0%| F|  |TS  0|AC  0|TAMS 0x0000000088a00000, 0x0000000088a00000|
| 115|0x0000000088b00000, 0x0000000088b00000, 0x0000000088c00000|  0%| F|  |TS  0|AC  0|TAMS 0x0000000088b00000, 0x0000000088b00000|
| 116|0x0000000088c00000, 0x0000000088c00000, 0x0000000088d00000|  0%| F|  |TS  0|AC  0|TAMS 0x0000000088c00000, 0x0000000088c00000|
| 117|0x0000000088d00000, 0x0000000088d00000, 0x0000000088e00000|  0%| F|  |TS  0|AC  0|TAMS 0x0000000088d00000, 0x0000000088d00000|
| 118|0x0000000088e00000, 0x0000000088e00000, 0x0000000088f00000|  0%| F|  |TS  0|AC  0|TAMS 0x0000000088e00000, 0x0000000088e00000|
| 119|0x0000000088f00000, 0x0000000088f00000, 0x0000000089000000|  0%| F|  |TS  0|AC  0|TAMS 0x0000000088f00000, 0x0000000088f00000|
| 120|0x0000000089000000, 0x0000000089000000, 0x0000000089100000|  0%| F|  |TS  0|AC  0|TAMS 0x0000000089000000, 0x0000000089000000|
| 121|0x0000000089100000, 0x0000000089100000, 0x0000000089200000|  0%| F|  |TS  0|AC  0|TAMS 0x0000000089100000, 0x0000000089100000|
| 122|0x0000000089200000, 0x0000000089200000, 0x0000000089300000|  0%| F|  |TS  0|AC  0|TAMS 0x0000000089200000, 0x0000000089200000|
| 123|0x0000000089300000, 0x0000000089300000, 0x0000000089400000|  0%| F|  |TS  0|AC  0|TAMS 0x0000000089300000, 0x0000000089300000|
| 124|0x0000000089400000, 0x0000000089432390, 0x0000000089500000| 19%| S|  |TS  1|AC  0|TAMS 0x0000000089400000, 0x0000000089400000|
| 125|0x0000000089500000, 0x0000000089548300, 0x0000000089600000| 28%| E|CS|TS  0|AC  0|TAMS 0x0000000089500000, 0x0000000089548300|
| 126|0x0000000089600000, 0x0000000089700000, 0x0000000089700000|100%| E|CS|TS  0|AC  0|TAMS 0x0000000089600000, 0x0000000089700000|
| 127|0x0000000089700000, 0x0000000089800000, 0x0000000089800000|100%| E|CS|TS  0|AC  0|TAMS 0x0000000089700000, 0x0000000089800000|

Card table byte_map: [0x000001f023a70000,0x000001f023e70000] byte_map_base: 0x000001f023664000

Marking Bits (Prev, Next): (CMBitMap*) 0x000001f008d19ae0, (CMBitMap*) 0x000001f008d19b18
 Prev Bits: [0x000001f024270000, 0x000001f026210000)
 Next Bits: [0x000001f026210000, 0x000001f0281b0000)

Polling page: 0x000001f0073a0000

CodeHeap 'non-profiled nmethods': size=120064Kb used=72Kb max_used=72Kb free=119991Kb
 bounds [0x000001f01bb00000, 0x000001f01bd70000, 0x000001f023040000]
CodeHeap 'profiled nmethods': size=120000Kb used=286Kb max_used=286Kb free=119713Kb
 bounds [0x000001f0145d0000, 0x000001f014840000, 0x000001f01bb00000]
CodeHeap 'non-nmethods': size=5696Kb used=1031Kb max_used=1042Kb free=4664Kb
 bounds [0x000001f014040000, 0x000001f0142b0000, 0x000001f0145d0000]
 total_blobs=614 nmethods=236 adapters=219
 compilation: enabled

Compilation events (10 events):
Event: 0.173 Thread 0x000001f02a87a000 nmethod 206 0x000001f01460d210 code [0x000001f01460d3e0, 0x000001f01460d6b8]
Event: 0.173 Thread 0x000001f02a87a000  207       3       java.lang.StringBuilder::toString (35 bytes)
Event: 0.174 Thread 0x000001f02a87a000 nmethod 207 0x000001f01460d790 code [0x000001f01460d980, 0x000001f01460de80]
Event: 0.174 Thread 0x000001f02a87a000  208       3       java.lang.StringBuilder::<init> (7 bytes)
Event: 0.174 Thread 0x000001f02a87a000 nmethod 208 0x000001f01460e010 code [0x000001f01460e1c0, 0x000001f01460e350]
Event: 0.174 Thread 0x000001f02a87a000  209       3       java.util.Optional::orElse (16 bytes)
Event: 0.174 Thread 0x000001f02a87a000 nmethod 209 0x000001f01460e410 code [0x000001f01460e5c0, 0x000001f01460e778]
Event: 0.174 Thread 0x000001f02a87a000  210       3       java.util.Optional::ofNullable (15 bytes)
Event: 0.174 Thread 0x000001f02a87a000 nmethod 210 0x000001f01460e810 code [0x000001f01460ea00, 0x000001f01460ef30]
Event: 0.174 Thread 0x000001f02a87a000  211       3       java.lang.String::getBytes (44 bytes)

GC Heap History (0 events):
No events

Deoptimization events (1 events):
Event: 0.142 Thread 0x000001f008c8f800 Uncommon trap: reason=unstable_if action=reinterpret pc=0x000001f01bb064f8 method=java.lang.String.isLatin1()Z @ 10 c2

Classes redefined (0 events):
No events

Internal exceptions (5 events):
Event: 0.132 Thread 0x000001f008c8f800 Exception <a 'java/lang/NoSuchMethodError'{0x0000000089610df8}: method resolution failed> (0x0000000089610df8) thrown at [t:/workspace/open/src/hotspot/share/prims/methodHandles.cpp, line 1226]
Event: 0.150 Thread 0x000001f008c8f800 Exception <a 'sun/nio/fs/WindowsException'{0x000000008963ebb8}> (0x000000008963ebb8) thrown at [t:/workspace/open/src/hotspot/share/prims/jni.cpp, line 611]
Event: 0.151 Thread 0x000001f008c8f800 Exception <a 'sun/nio/fs/WindowsException'{0x000000008963f058}> (0x000000008963f058) thrown at [t:/workspace/open/src/hotspot/share/prims/jni.cpp, line 611]
Event: 0.152 Thread 0x000001f008c8f800 Exception <a 'sun/nio/fs/WindowsException'{0x0000000089641068}> (0x0000000089641068) thrown at [t:/workspace/open/src/hotspot/share/prims/jni.cpp, line 611]
Event: 0.154 Thread 0x000001f008c8f800 Exception <a 'java/lang/NoSuchMethodError'{0x0000000089645518}: method resolution failed> (0x0000000089645518) thrown at [t:/workspace/open/src/hotspot/share/prims/methodHandles.cpp, line 1226]

Events (10 events):
Event: 0.167 loading class java/util/Collections$UnmodifiableRandomAccessList
Event: 0.167 loading class java/util/Collections$UnmodifiableList
Event: 0.167 loading class java/util/Collections$UnmodifiableList done
Event: 0.167 loading class java/util/Collections$UnmodifiableRandomAccessList done
Event: 0.168 loading class jdk/internal/module/ModuleLoaderMap
Event: 0.168 loading class jdk/internal/module/ModuleLoaderMap done
Event: 0.168 loading class jdk/internal/module/ModuleLoaderMap$Mapper
Event: 0.168 loading class jdk/internal/module/ModuleLoaderMap$Mapper done
Event: 0.169 loading class java/util/concurrent/ConcurrentHashMap$ForwardingNode
Event: 0.169 loading class java/util/concurrent/ConcurrentHashMap$ForwardingNode done


Dynamic libraries:
0x00007ff6ad250000 - 0x00007ff6ad28e000 	C:\Program Files\Java\jdk-10.0.1\bin\java.exe
0x00007ffa466f0000 - 0x00007ffa468e5000 	C:\WINDOWS\SYSTEM32\ntdll.dll
0x00007ffa45080000 - 0x00007ffa4513e000 	C:\WINDOWS\System32\KERNEL32.DLL
0x00007ffa44300000 - 0x00007ffa445c9000 	C:\WINDOWS\System32\KERNELBASE.dll
0x00007ffa44f20000 - 0x00007ffa44fcc000 	C:\WINDOWS\System32\ADVAPI32.dll
0x00007ffa45140000 - 0x00007ffa451de000 	C:\WINDOWS\System32\msvcrt.dll
0x00007ffa451f0000 - 0x00007ffa4528b000 	C:\WINDOWS\System32\sechost.dll
0x00007ffa46010000 - 0x00007ffa4613a000 	C:\WINDOWS\System32\RPCRT4.dll
0x00007ffa45490000 - 0x00007ffa45631000 	C:\WINDOWS\System32\USER32.dll
0x00007ffa442d0000 - 0x00007ffa442f2000 	C:\WINDOWS\System32\win32u.dll
0x00007ffa44740000 - 0x00007ffa4476b000 	C:\WINDOWS\System32\GDI32.dll
0x00007ffa44630000 - 0x00007ffa4473b000 	C:\WINDOWS\System32\gdi32full.dll
0x00007ffa43e10000 - 0x00007ffa43ead000 	C:\WINDOWS\System32\msvcp_win.dll
0x00007ffa441d0000 - 0x00007ffa442d0000 	C:\WINDOWS\System32\ucrtbase.dll
0x00007ffa38ea0000 - 0x00007ffa3913a000 	C:\WINDOWS\WinSxS\amd64_microsoft.windows.common-controls_6595b64144ccf1df_6.0.19041.1110_none_60b5254171f9507e\COMCTL32.dll
0x00007ffa3c600000 - 0x00007ffa3c60a000 	C:\WINDOWS\SYSTEM32\VERSION.dll
0x00007ffa44ce0000 - 0x00007ffa44d10000 	C:\WINDOWS\System32\IMM32.DLL
0x00007ffa1f5e0000 - 0x00007ffa1f6cf000 	C:\Program Files\Java\jdk-10.0.1\bin\msvcr120.dll
0x00007ffa1fad0000 - 0x00007ffa1fb76000 	C:\Program Files\Java\jdk-10.0.1\bin\msvcp120.dll
0x0000000069800000 - 0x000000006a270000 	C:\Program Files\Java\jdk-10.0.1\bin\server\jvm.dll
0x00007ffa451e0000 - 0x00007ffa451e8000 	C:\WINDOWS\System32\PSAPI.DLL
0x00007ffa39bc0000 - 0x00007ffa39be7000 	C:\WINDOWS\SYSTEM32\WINMM.dll
0x00007ffa3cbf0000 - 0x00007ffa3cbf9000 	C:\WINDOWS\SYSTEM32\WSOCK32.dll
0x00007ffa45640000 - 0x00007ffa456ab000 	C:\WINDOWS\System32\WS2_32.dll
0x00007ffa3dfd0000 - 0x00007ffa3dfdf000 	C:\Program Files\Java\jdk-10.0.1\bin\verify.dll
0x00007ffa41bc0000 - 0x00007ffa41da4000 	C:\WINDOWS\SYSTEM32\DBGHELP.DLL
0x00007ffa2f1a0000 - 0x00007ffa2f1cc000 	C:\WINDOWS\SYSTEM32\dbgcore.DLL
0x00007ffa43eb0000 - 0x00007ffa43f33000 	C:\WINDOWS\System32\bcryptPrimitives.dll
0x00007ffa302b0000 - 0x00007ffa302d7000 	C:\Program Files\Java\jdk-10.0.1\bin\java.dll
0x00007ffa322d0000 - 0x00007ffa322e6000 	C:\Program Files\Java\jdk-10.0.1\bin\zip.dll
0x00007ffa31b90000 - 0x00007ffa31b9a000 	C:\Program Files\Java\jdk-10.0.1\bin\jimage.dll
0x00007ffa457f0000 - 0x00007ffa45f2f000 	C:\WINDOWS\System32\SHELL32.dll
0x00007ffa41db0000 - 0x00007ffa42540000 	C:\WINDOWS\SYSTEM32\windows.storage.dll
0x00007ffa46350000 - 0x00007ffa466a5000 	C:\WINDOWS\System32\combase.dll
0x00007ffa43790000 - 0x00007ffa437bc000 	C:\WINDOWS\SYSTEM32\Wldp.dll
0x00007ffa44fd0000 - 0x00007ffa4507e000 	C:\WINDOWS\System32\SHCORE.dll
0x00007ffa44c50000 - 0x00007ffa44ca5000 	C:\WINDOWS\System32\shlwapi.dll
0x00007ffa43d50000 - 0x00007ffa43d6f000 	C:\WINDOWS\SYSTEM32\profapi.dll
0x00007ffa31b50000 - 0x00007ffa31b6a000 	C:\Program Files\Java\jdk-10.0.1\bin\net.dll
0x00007ffa3d200000 - 0x00007ffa3d308000 	C:\WINDOWS\SYSTEM32\WINHTTP.dll
0x00007ffa434f0000 - 0x00007ffa4355a000 	C:\WINDOWS\system32\mswsock.dll
0x00007ffa31910000 - 0x00007ffa31921000 	C:\Program Files\Java\jdk-10.0.1\bin\nio.dll

dbghelp: loaded successfully - version: 4.0.5 - missing functions: none
symbol engine: initialized successfully - sym options: 0x614 - pdb path: .;C:\Program Files\Java\jdk-10.0.1\bin;C:\WINDOWS\SYSTEM32;C:\WINDOWS\WinSxS\amd64_microsoft.windows.common-controls_6595b64144ccf1df_6.0.19041.1110_none_60b5254171f9507e;C:\Program Files\Java\jdk-10.0.1\bin\server

VM Arguments:
jvm_args: -Dfile.encoding=UTF-8 --module-path=E:\rishav personal\SwipePage\build\classes 
java_command: swipepage.SwipeIn_Emp
java_class_path (initial): C:\Users\risha\Downloads\mysql-connector-java-8.0.26\mysql-connector-java-8.0.26.jar;E:\rishav personal\SwipePage\build\classes
Launcher Type: SUN_STANDARD

Logging:
Log output configuration:
#0: stdout all=warning uptime,level,tags
#1: stderr all=off uptime,level,tags

Environment Variables:
PATH=C:\Python 3.9\Scripts\;C:\Python 3.9\;C:\WINDOWS\system32;C:\WINDOWS\System32\Wbem;C:\Program Files\Java\jdk-10.0.1\bin;"C:\Program Files\Java\jre-10.0.1\bin\;";;C:\WINDOWS;C:\WINDOWS\System32\WindowsPowerShell\v1.0\;C:\WINDOWS\System32\OpenSSH\;C:\Program Files\dotnet\;C:\Program Files\Microsoft SQL Server\130\Tools\Binn\;C:\Program Files\MySQL\MySQL Shell 8.0\bin\;C:\Program Files\Java\jdk-9.0.1\bin;C:\Users\risha\AppData\Local\atom\bin;C:\Program Files\Microsoft VS Code\bin;C:\Users\risha\AppData\Roaming\npm;C:\Users\risha\AppData\Local\GitHubDesktop\bin;C:\Users\risha\AppData\Local\Microsoft\WindowsApps;C:\Program Files\Java\jdk-10.0.1\bin;C:\Users\risha\.dotnet\tools
USERNAME=risha
OS=Windows_NT
PROCESSOR_IDENTIFIER=Intel64 Family 6 Model 142 Stepping 9, GenuineIntel



---------------  S Y S T E M  ---------------

OS: Windows 10 , 64 bit Build 19041 (10.0.19041.1202)

CPU:total 4 (initial active 4) (2 cores per cpu, 2 threads per core) family 6 model 142 stepping 9, cmov, cx8, fxsr, mmx, sse, sse2, sse3, ssse3, sse4.1, sse4.2, popcnt, avx, avx2, aes, clmul, erms, 3dnowpref, lzcnt, ht, tsc, tscinvbit, bmi1, bmi2, adx, fma

Memory: 4k page, physical 8283708k(515504k free), swap 33449532k(2688k free)

vm_info: Java HotSpot(TM) 64-Bit Server VM (10.0.1+10) for windows-amd64 JRE (10.0.1+10), built on Mar 27 2018 02:27:48 by "mach5one" with MS VC++ 12.0 (VS2013)

END.
